0 info it worked if it ends with ok
1 verbose cli [ 'c:\\Program Files\\nodejs\\node.exe',
1 verbose cli   'c:\\Program Files\\nodejs\\node_modules\\npm\\bin\\npm-cli.js',
1 verbose cli   'run',
1 verbose cli   'dev' ]
2 info using npm@3.3.12
3 info using node@v5.3.0
4 verbose run-script [ 'predev', 'dev', 'postdev' ]
5 info lifecycle 1-webpack-learn@1.0.0~predev: 1-webpack-learn@1.0.0
6 silly lifecycle 1-webpack-learn@1.0.0~predev: no script for predev, continuing
7 info lifecycle 1-webpack-learn@1.0.0~dev: 1-webpack-learn@1.0.0
8 verbose lifecycle 1-webpack-learn@1.0.0~dev: unsafe-perm in lifecycle true
9 verbose lifecycle 1-webpack-learn@1.0.0~dev: PATH: c:\Program Files\nodejs\node_modules\npm\bin\node-gyp-bin;f:\learn\react-webpack-cookbook-learn\1-webpack-learn\node_modules\.bin;c:\Users\cody\bin;.;C:\Program Files\Git\local\bin;C:\Program Files\Git\mingw\bin;C:\Program Files\Git\bin;C:\Program Files\Git\bin;c:\Ruby22\bin;c:\ProgramData\Oracle\Java\javapath;c:\Program Files\Intel\iCLS Client\;c:\Program Files\NVIDIA Corporation\PhysX\Common;c:\WINDOWS\system32;c:\WINDOWS;c:\WINDOWS\System32\Wbem;c:\WINDOWS\System32\WindowsPowerShell\v1.0\;c:\Program Files\Intel\Intel(R) Management Engine Components\DAL;c:\Program Files\Intel\Intel(R) Management Engine Components\IPT;C:\Program Files\Git\bin;C:\Program Files\Git\libexec\git-core;c:\Program Files\Subversion\bin;c:\Program Files\MacType;c:\Program Files\nodejs\;c:\python3;c:\Program Files\TortoiseSVN\bin;d:\casperjs\bin;c:\Python27;c:\python3\Scripts\;c:\python3\;c:\Users\cody\AppData\Local\atom\bin;c:\Users\cody\AppData\Roaming\npm
10 verbose lifecycle 1-webpack-learn@1.0.0~dev: CWD: f:\learn\react-webpack-cookbook-learn\1-webpack-learn
11 silly lifecycle 1-webpack-learn@1.0.0~dev: Args: [ '/d /s /c',
11 silly lifecycle   'webpack-dev-server --devtool eval --progress --colors --hot --content-base build' ]
12 silly lifecycle 1-webpack-learn@1.0.0~dev: Returned: code: 1  signal: null
13 info lifecycle 1-webpack-learn@1.0.0~dev: Failed to exec dev script
14 verbose stack Error: 1-webpack-learn@1.0.0 dev: `webpack-dev-server --devtool eval --progress --colors --hot --content-base build`
14 verbose stack Exit status 1
14 verbose stack     at EventEmitter.<anonymous> (c:\Program Files\nodejs\node_modules\npm\lib\utils\lifecycle.js:232:16)
14 verbose stack     at emitTwo (events.js:87:13)
14 verbose stack     at EventEmitter.emit (events.js:172:7)
14 verbose stack     at ChildProcess.<anonymous> (c:\Program Files\nodejs\node_modules\npm\lib\utils\spawn.js:24:14)
14 verbose stack     at emitTwo (events.js:87:13)
14 verbose stack     at ChildProcess.emit (events.js:172:7)
14 verbose stack     at maybeClose (internal/child_process.js:818:16)
14 verbose stack     at Process.ChildProcess._handle.onexit (internal/child_process.js:211:5)
15 verbose pkgid 1-webpack-learn@1.0.0
16 verbose cwd f:\learn\react-webpack-cookbook-learn\1-webpack-learn
17 error Windows_NT 10.0.10240
18 error argv "c:\\Program Files\\nodejs\\node.exe" "c:\\Program Files\\nodejs\\node_modules\\npm\\bin\\npm-cli.js" "run" "dev"
19 error node v5.3.0
20 error npm  v3.3.12
21 error code ELIFECYCLE
22 error 1-webpack-learn@1.0.0 dev: `webpack-dev-server --devtool eval --progress --colors --hot --content-base build`
22 error Exit status 1
23 error Failed at the 1-webpack-learn@1.0.0 dev script 'webpack-dev-server --devtool eval --progress --colors --hot --content-base build'.
23 error Make sure you have the latest version of node.js and npm installed.
23 error If you do, this is most likely a problem with the 1-webpack-learn package,
23 error not with npm itself.
23 error Tell the author that this fails on your system:
23 error     webpack-dev-server --devtool eval --progress --colors --hot --content-base build
23 error You can get their info via:
23 error     npm owner ls 1-webpack-learn
23 error There is likely additional logging output above.
24 verbose exit [ 1, true ]
