0 info it worked if it ends with ok
1 verbose cli [ 'c:\\Program Files\\nodejs\\node.exe',
1 verbose cli   'c:\\Users\\cody\\AppData\\Roaming\\npm\\node_modules\\npm\\bin\\npm-cli.js',
1 verbose cli   'start' ]
2 info using npm@2.13.0
3 info using node@v0.12.2
4 verbose run-script [ 'prestart', 'start', 'poststart' ]
5 info prestart fool-webpack@1.0.0
6 info start fool-webpack@1.0.0
7 verbose unsafe-perm in lifecycle true
8 info fool-webpack@1.0.0 Failed to exec start script
9 verbose stack Error: fool-webpack@1.0.0 start: `webpack-dev-server --hot --inline`
9 verbose stack Exit status 1
9 verbose stack     at EventEmitter.<anonymous> (c:\Users\cody\AppData\Roaming\npm\node_modules\npm\lib\utils\lifecycle.js:213:16)
9 verbose stack     at EventEmitter.emit (events.js:110:17)
9 verbose stack     at ChildProcess.<anonymous> (c:\Users\cody\AppData\Roaming\npm\node_modules\npm\lib\utils\spawn.js:24:14)
9 verbose stack     at ChildProcess.emit (events.js:110:17)
9 verbose stack     at maybeClose (child_process.js:1015:16)
9 verbose stack     at Process.ChildProcess._handle.onexit (child_process.js:1087:5)
10 verbose pkgid fool-webpack@1.0.0
11 verbose cwd f:\learn\fool-webpack
12 error Windows_NT 6.3.9600
13 error argv "c:\\Program Files\\nodejs\\node.exe" "c:\\Users\\cody\\AppData\\Roaming\\npm\\node_modules\\npm\\bin\\npm-cli.js" "start"
14 error node v0.12.2
15 error npm  v2.13.0
16 error code ELIFECYCLE
17 error fool-webpack@1.0.0 start: `webpack-dev-server --hot --inline`
17 error Exit status 1
18 error Failed at the fool-webpack@1.0.0 start script 'webpack-dev-server --hot --inline'.
18 error This is most likely a problem with the fool-webpack package,
18 error not with npm itself.
18 error Tell the author that this fails on your system:
18 error     webpack-dev-server --hot --inline
18 error You can get their info via:
18 error     npm owner ls fool-webpack
18 error There is likely additional logging output above.
19 verbose exit [ 1, true ]
